<?xml version="1.0" encoding="UTF-8"?>
<!-- Generated by org.testng.reporters.JUnitXMLReporter -->
<testsuite hostname="DESKTOP-ADGCHK6" ignored="3" name="Test" tests="1" failures="0" timestamp="2024-07-18T20:26:39 IST" time="0.124" errors="0">
  <testcase name="abc" time="0.024" classname="scripts.TestNGGroup"/>
  <testcase name="bcd" time="0.0" classname="scripts.TestNGGroup">
    <ignored/>
  </testcase> <!-- bcd -->
  <testcase name="pqr" time="0.0" classname="scripts.TestNGGroup">
    <ignored/>
  </testcase> <!-- pqr -->
  <testcase name="xyz" time="0.0" classname="scripts.TestNGGroup">
    <ignored/>
  </testcase> <!-- xyz -->
</testsuite> <!-- Test -->
