<?xml version="1.0" encoding="UTF-8"?>
<!-- Generated by org.testng.reporters.JUnitXMLReporter -->
<testsuite hostname="DESKTOP-ADGCHK6" ignored="1" name="Test1" tests="3" failures="0" timestamp="2024-07-18T20:26:39 IST" time="0.069" errors="0">
  <testcase name="abc" time="0.013" classname="scripts.TestNgGroup1"/>
  <testcase name="pqr" time="0.008" classname="scripts.TestNgGroup1"/>
  <testcase name="xyz" time="0.024" classname="scripts.TestNgGroup1"/>
  <testcase name="bcd" time="0.0" classname="scripts.TestNgGroup1">
    <ignored/>
  </testcase> <!-- bcd -->
</testsuite> <!-- Test1 -->
